# JRE version: Java(TM) SE Runtime Environment (8.0_144-b01) (build 1.8.0_144-b01)
# Java VM: Java HotSpot(TM) 64-Bit Server VM (25.144-b01 mixed mode windows-amd64 compressed oops)
Heap:
 PSYoungGen      total 414208K, used 224820K [0x00000000d5c00000, 0x00000000fa180000, 0x0000000100000000)
  eden space 397824K, 52% used [0x00000000d5c00000,0x00000000e2790d88,0x00000000ee080000)
  from space 16384K, 99% used [0x00000000ee080000,0x00000000ef07c3b0,0x00000000ef080000)
  to   space 19968K, 0% used [0x00000000f8e00000,0x00000000f8e00000,0x00000000fa180000)
 ParOldGen       total 79872K, used 24087K [0x0000000081400000, 0x0000000086200000, 0x00000000d5c00000)
  object space 79872K, 30% used [0x0000000081400000,0x0000000082b85da0,0x0000000086200000)
 Metaspace       used 45403K, capacity 47806K, committed 48000K, reserved 1091584K
  class space    used 6278K, capacity 6713K, committed 6784K, reserved 1048576K
GC Heap History (10 events):
Event: 14.501 GC heap before
{Heap before GC invocations=7 (full 1):
 PSYoungGen      total 138240K, used 138224K [0x00000000d5c00000, 0x00000000e5600000, 0x0000000100000000)
  eden space 133120K, 100% used [0x00000000d5c00000,0x00000000dde00000,0x00000000dde00000)
  from space 5120K, 99% used [0x00000000dde00000,0x00000000de2fc2b8,0x00000000de300000)
  to   space 11776K, 0% used [0x00000000e4a80000,0x00000000e4a80000,0x00000000e5600000)
 ParOldGen       total 57856K, used 14411K [0x0000000081400000, 0x0000000084c80000, 0x00000000d5c00000)
  object space 57856K, 24% used [0x0000000081400000,0x0000000082212d58,0x0000000084c80000)
 Metaspace       used 27575K, capacity 28646K, committed 28928K, reserved 1075200K
  class space    used 3751K, capacity 3991K, committed 4096K, reserved 1048576K
Event: 14.537 GC heap after
Heap after GC invocations=7 (full 1):
 PSYoungGen      total 243200K, used 10447K [0x00000000d5c00000, 0x00000000e5a00000, 0x0000000100000000)
  eden space 231424K, 0% used [0x00000000d5c00000,0x00000000d5c00000,0x00000000e3e00000)
  from space 11776K, 88% used [0x00000000e4a80000,0x00000000e54b3db8,0x00000000e5600000)
  to   space 12800K, 0% used [0x00000000e3e00000,0x00000000e3e00000,0x00000000e4a80000)
 ParOldGen       total 57856K, used 14419K [0x0000000081400000, 0x0000000084c80000, 0x00000000d5c00000)
  object space 57856K, 24% used [0x0000000081400000,0x0000000082214d58,0x0000000084c80000)
 Metaspace       used 27575K, capacity 28646K, committed 28928K, reserved 1075200K
  class space    used 3751K, capacity 3991K, committed 4096K, reserved 1048576K
}
Event: 19.243 GC heap before
{Heap before GC invocations=8 (full 1):
 PSYoungGen      total 243200K, used 241871K [0x00000000d5c00000, 0x00000000e5a00000, 0x0000000100000000)
  eden space 231424K, 100% used [0x00000000d5c00000,0x00000000e3e00000,0x00000000e3e00000)
  from space 11776K, 88% used [0x00000000e4a80000,0x00000000e54b3db8,0x00000000e5600000)
  to   space 12800K, 0% used [0x00000000e3e00000,0x00000000e3e00000,0x00000000e4a80000)
 ParOldGen       total 57856K, used 14419K [0x0000000081400000, 0x0000000084c80000, 0x00000000d5c00000)
  object space 57856K, 24% used [0x0000000081400000,0x0000000082214d58,0x0000000084c80000)
 Metaspace       used 32534K, capacity 34130K, committed 34176K, reserved 1079296K
  class space    used 4411K, capacity 4727K, committed 4736K, reserved 1048576K
Event: 19.265 GC heap after
Heap after GC invocations=8 (full 1):
 PSYoungGen      total 244224K, used 12777K [0x00000000d5c00000, 0x00000000f0000000, 0x0000000100000000)
  eden space 231424K, 0% used [0x00000000d5c00000,0x00000000d5c00000,0x00000000e3e00000)
  from space 12800K, 99% used [0x00000000e3e00000,0x00000000e4a7a540,0x00000000e4a80000)
  to   space 15872K, 0% used [0x00000000ef080000,0x00000000ef080000,0x00000000f0000000)
 ParOldGen       total 57856K, used 16979K [0x0000000081400000, 0x0000000084c80000, 0x00000000d5c00000)
  object space 57856K, 29% used [0x0000000081400000,0x0000000082494d20,0x0000000084c80000)
 Metaspace       used 32534K, capacity 34130K, committed 34176K, reserved 1079296K
  class space    used 4411K, capacity 4727K, committed 4736K, reserved 1048576K
}
Event: 19.531 GC heap before
{Heap before GC invocations=9 (full 1):
 PSYoungGen      total 244224K, used 32286K [0x00000000d5c00000, 0x00000000f0000000, 0x0000000100000000)
  eden space 231424K, 8% used [0x00000000d5c00000,0x00000000d6f0d2f8,0x00000000e3e00000)
  from space 12800K, 99% used [0x00000000e3e00000,0x00000000e4a7a540,0x00000000e4a80000)
  to   space 15872K, 0% used [0x00000000ef080000,0x00000000ef080000,0x00000000f0000000)
 ParOldGen       total 57856K, used 16979K [0x0000000081400000, 0x0000000084c80000, 0x00000000d5c00000)
  object space 57856K, 29% used [0x0000000081400000,0x0000000082494d20,0x0000000084c80000)
 Metaspace       used 33778K, capacity 35328K, committed 35456K, reserved 1079296K
  class space    used 4572K, capacity 4890K, committed 4992K, reserved 1048576K
Event: 19.549 GC heap after
Heap after GC invocations=9 (full 1):
 PSYoungGen      total 413696K, used 12476K [0x00000000d5c00000, 0x00000000f1580000, 0x0000000100000000)
  eden space 397824K, 0% used [0x00000000d5c00000,0x00000000d5c00000,0x00000000ee080000)
  from space 15872K, 78% used [0x00000000ef080000,0x00000000efcaf130,0x00000000f0000000)
  to   space 16384K, 0% used [0x00000000ee080000,0x00000000ee080000,0x00000000ef080000)
 ParOldGen       total 57856K, used 16987K [0x0000000081400000, 0x0000000084c80000, 0x00000000d5c00000)
  object space 57856K, 29% used [0x0000000081400000,0x0000000082496d20,0x0000000084c80000)
 Metaspace       used 33778K, capacity 35328K, committed 35456K, reserved 1079296K
  class space    used 4572K, capacity 4890K, committed 4992K, reserved 1048576K
}
Event: 19.549 GC heap before
{Heap before GC invocations=10 (full 2):
 PSYoungGen      total 413696K, used 12476K [0x00000000d5c00000, 0x00000000f1580000, 0x0000000100000000)
  eden space 397824K, 0% used [0x00000000d5c00000,0x00000000d5c00000,0x00000000ee080000)
  from space 15872K, 78% used [0x00000000ef080000,0x00000000efcaf130,0x00000000f0000000)
  to   space 16384K, 0% used [0x00000000ee080000,0x00000000ee080000,0x00000000ef080000)
 ParOldGen       total 57856K, used 16987K [0x0000000081400000, 0x0000000084c80000, 0x00000000d5c00000)
  object space 57856K, 29% used [0x0000000081400000,0x0000000082496d20,0x0000000084c80000)
 Metaspace       used 33778K, capacity 35328K, committed 35456K, reserved 1079296K
  class space    used 4572K, capacity 4890K, committed 4992K, reserved 1048576K
Event: 19.705 GC heap after
Heap after GC invocations=10 (full 2):
 PSYoungGen      total 413696K, used 0K [0x00000000d5c00000, 0x00000000f1580000, 0x0000000100000000)
  eden space 397824K, 0% used [0x00000000d5c00000,0x00000000d5c00000,0x00000000ee080000)
  from space 15872K, 0% used [0x00000000ef080000,0x00000000ef080000,0x00000000f0000000)
  to   space 16384K, 0% used [0x00000000ee080000,0x00000000ee080000,0x00000000ef080000)
 ParOldGen       total 79872K, used 21118K [0x0000000081400000, 0x0000000086200000, 0x00000000d5c00000)
  object space 79872K, 26% used [0x0000000081400000,0x000000008289faf8,0x0000000086200000)
 Metaspace       used 33778K, capacity 35328K, committed 35456K, reserved 1079296K
  class space    used 4572K, capacity 4890K, committed 4992K, reserved 1048576K
}
Event: 28.710 GC heap before
{Heap before GC invocations=11 (full 2):
 PSYoungGen      total 413696K, used 397824K [0x00000000d5c00000, 0x00000000f1580000, 0x0000000100000000)
  eden space 397824K, 100% used [0x00000000d5c00000,0x00000000ee080000,0x00000000ee080000)
  from space 15872K, 0% used [0x00000000ef080000,0x00000000ef080000,0x00000000f0000000)
  to   space 16384K, 0% used [0x00000000ee080000,0x00000000ee080000,0x00000000ef080000)
 ParOldGen       total 79872K, used 21118K [0x0000000081400000, 0x0000000086200000, 0x00000000d5c00000)
  object space 79872K, 26% used [0x0000000081400000,0x000000008289faf8,0x0000000086200000)
 Metaspace       used 42810K, capacity 45128K, committed 45312K, reserved 1087488K
  class space    used 5908K, capacity 6348K, committed 6400K, reserved 1048576K
Event: 28.734 GC heap after
Heap after GC invocations=11 (full 2):
 PSYoungGen      total 414208K, used 16368K [0x00000000d5c00000, 0x00000000fa180000, 0x0000000100000000)
  eden space 397824K, 0% used [0x00000000d5c00000,0x00000000d5c00000,0x00000000ee080000)
  from space 16384K, 99% used [0x00000000ee080000,0x00000000ef07c3b0,0x00000000ef080000)
  to   space 19968K, 0% used [0x00000000f8e00000,0x00000000f8e00000,0x00000000fa180000)
 ParOldGen       total 79872K, used 24087K [0x0000000081400000, 0x0000000086200000, 0x00000000d5c00000)
  object space 79872K, 30% used [0x0000000081400000,0x0000000082b85da0,0x0000000086200000)
 Metaspace       used 42810K, capacity 45128K, committed 45312K, reserved 1087488K
  class space    used 5908K, capacity 6348K, committed 6400K, reserved 1048576K
}

